<?xml version="1.0" encoding="UTF-8"?>
<beans xmlns="http://www.springframework.org/schema/beans"
       xmlns:xsi="http://www.w3.org/2001/XMLSchema-instance"
       xmlns:context="http://www.springframework.org/schema/context"
       xsi:schemaLocation="http://www.springframework.org/schema/beans http://www.springframework.org/schema/beans/spring-beans.xsd http://www.springframework.org/schema/context http://www.springframework.org/schema/context/spring-context.xsd">

    <!--<bean id="eventBus" class="com.google.common.eventbus.EventBus"/>-->
    <!--<bean id="eventBusPostProcessor" class="com.incuventure.spring.guava.EventBusPostProcessor"/>-->

    <context:annotation-config/>

    <context:component-scan base-package="com.incuventure.accounting.handler"/>
    <context:component-scan base-package="com.incuventure.services.rest"/>

    <bean id="eventPublisher" class="com.incuventure.ddd.infrastructure.events.impl.SimpleEventPublisher" />
    <bean class="com.incuventure.ddd.infrastructure.events.impl.EventListenerProcessor" />

    <bean id="messenger" class="com.incuventure.accounting.event.Implem"/>

</beans>